<?xml version="1.0" encoding="UTF-8"?>
<robot generator="Robot 7.3.2 (Python 3.13.3 on win32)" generated="2025-12-10T10:58:48.385916" rpa="false" schemaversion="5">
<suite id="s1" name="Login" source="C:\Users\Sávio Cunha\Documents\QA\academy\blacklist_academy\blacklist-academyt15-robot\blacklist-academyt15-front-robot\tests\login\login.robot">
<kw name="Abrir Navegador" owner="common" type="SETUP">
<kw name="Get Environment Variable" owner="OperatingSystem">
<msg time="2025-12-10T10:58:48.670332" level="INFO">${headless} = False</msg>
<var>${headless}</var>
<arg>CI</arg>
<arg>default=False</arg>
<doc>Returns the value of an environment variable with the given name.</doc>
<status status="PASS" start="2025-12-10T10:58:48.670163" elapsed="0.000201"/>
</kw>
<kw name="Run Keyword If" owner="BuiltIn">
<kw name="Abrir Navegador Intereface" owner="common">
<kw name="Open Browser" owner="SeleniumLibrary">
<msg time="2025-12-10T10:58:48.671028" level="INFO">Opening browser 'Chrome' to base url 'https://blacklist.qacoders.dev.br'.</msg>
<msg time="2025-12-10T10:58:49.035276" level="WARN">The chromedriver version (142.0.7444.175) detected in PATH at C:\chromedriver\chromedriver.exe might not be compatible with the detected chrome version (143.0.7499.41); currently, chromedriver 143.0.7499.40 is recommended for chrome 143.*, so it is advised to delete the driver in PATH and retry</msg>
<arg>${BASE_URL_UI}</arg>
<arg>Chrome</arg>
<doc>Opens a new browser instance to the optional ``url``.</doc>
<status status="PASS" start="2025-12-10T10:58:48.670849" elapsed="8.551962"/>
</kw>
<kw name="Maximize Browser Window" owner="SeleniumLibrary">
<doc>Maximizes current browser window.</doc>
<status status="PASS" start="2025-12-10T10:58:57.222987" elapsed="0.032447"/>
</kw>
<status status="PASS" start="2025-12-10T10:58:48.670710" elapsed="8.584869"/>
</kw>
<arg>'${headless}' == 'true'</arg>
<arg>Abrir Navegador Headless</arg>
<arg>ELSE</arg>
<arg>Abrir Navegador Intereface</arg>
<doc>Runs the given keyword with the given arguments, if ``condition`` is true.</doc>
<status status="PASS" start="2025-12-10T10:58:48.670486" elapsed="8.585180"/>
</kw>
<status status="PASS" start="2025-12-10T10:58:48.669621" elapsed="8.586161"/>
</kw>
<test id="s1-t1" name="Cenario 01: Realizar Login com Sucesso" line="9">
<kw name="Realizar Login" owner="login">
<kw name="Wait Until Element Is Visible" owner="SeleniumLibrary">
<arg>id:email</arg>
<arg>timeout=10s</arg>
<doc>Waits until the element ``locator`` is visible.</doc>
<status status="PASS" start="2025-12-10T10:58:57.256981" elapsed="1.067845"/>
</kw>
<kw name="Input Text" owner="SeleniumLibrary">
<msg time="2025-12-10T10:58:58.325204" level="INFO">Typing text 'sysadmin@qacoders.com' into text field 'id:email'.</msg>
<arg>id:email</arg>
<arg>${FRONTEND_EMAIL}</arg>
<doc>Types the given ``text`` into the text field identified by ``locator``.</doc>
<status status="PASS" start="2025-12-10T10:58:58.324987" elapsed="0.163208"/>
</kw>
<kw name="Wait Until Element Is Visible" owner="SeleniumLibrary">
<arg>id:password</arg>
<arg>timeout=10s</arg>
<doc>Waits until the element ``locator`` is visible.</doc>
<status status="PASS" start="2025-12-10T10:58:58.488433" elapsed="0.018731"/>
</kw>
<kw name="Input Text" owner="SeleniumLibrary">
<msg time="2025-12-10T10:58:58.507710" level="INFO">Typing text '1234@Test' into text field 'id:password'.</msg>
<arg>id:password</arg>
<arg>${FRONTEND_PASSWORD}</arg>
<doc>Types the given ``text`` into the text field identified by ``locator``.</doc>
<status status="PASS" start="2025-12-10T10:58:58.507416" elapsed="0.094800"/>
</kw>
<kw name="Wait Until Element Is Visible" owner="SeleniumLibrary">
<arg>id:login</arg>
<arg>timeout=10s</arg>
<doc>Waits until the element ``locator`` is visible.</doc>
<status status="PASS" start="2025-12-10T10:58:58.602392" elapsed="0.019919"/>
</kw>
<kw name="Click Button" owner="SeleniumLibrary">
<msg time="2025-12-10T10:58:58.622635" level="INFO">Clicking button 'id:login'.</msg>
<arg>id:login</arg>
<doc>Clicks the button identified by ``locator``.</doc>
<status status="PASS" start="2025-12-10T10:58:58.622473" elapsed="0.083022"/>
</kw>
<status status="PASS" start="2025-12-10T10:58:57.256661" elapsed="1.448930"/>
</kw>
<kw name="Verificar Redirecionamento Para Home" owner="login">
<kw name="Wait Until Location Is" owner="SeleniumLibrary">
<arg>${BASE_URL_UI}/home</arg>
<arg>timeout=10s</arg>
<doc>Waits until the current URL is ``expected``.</doc>
<status status="PASS" start="2025-12-10T10:58:58.706205" elapsed="1.863122"/>
</kw>
<kw name="Location Should Be" owner="SeleniumLibrary">
<msg time="2025-12-10T10:59:00.574238" level="INFO">Current location is 'https://blacklist.qacoders.dev.br/home'.</msg>
<arg>${BASE_URL_UI}/home</arg>
<doc>Verifies that the current URL is exactly ``url``.</doc>
<status status="PASS" start="2025-12-10T10:59:00.569505" elapsed="0.004817"/>
</kw>
<status status="PASS" start="2025-12-10T10:58:58.705943" elapsed="1.868458"/>
</kw>
<kw name="Verificar Elemento Cadastros Visivel" owner="login">
<kw name="Wait Until Element Is Visible" owner="SeleniumLibrary">
<arg>id:Cadastros</arg>
<arg>timeout=10s</arg>
<doc>Waits until the element ``locator`` is visible.</doc>
<status status="PASS" start="2025-12-10T10:59:00.574978" elapsed="0.018343"/>
</kw>
<kw name="Element Text Should Be" owner="SeleniumLibrary">
<msg time="2025-12-10T10:59:00.593759" level="INFO">Verifying element 'id:Cadastros' contains exact text 'Cadastros'.</msg>
<arg>id:Cadastros</arg>
<arg>Cadastros</arg>
<doc>Verifies that element ``locator`` contains exact the text ``expected``.</doc>
<status status="PASS" start="2025-12-10T10:59:00.593532" elapsed="0.020251"/>
</kw>
<status status="PASS" start="2025-12-10T10:59:00.574697" elapsed="0.039190"/>
</kw>
<status status="PASS" start="2025-12-10T10:58:57.255878" elapsed="3.358246"/>
</test>
<kw name="Fechar Navegador" owner="common" type="TEARDOWN">
<kw name="Close Browser" owner="SeleniumLibrary">
<doc>Closes the current browser.</doc>
<status status="PASS" start="2025-12-10T10:59:00.615623" elapsed="2.185359"/>
</kw>
<status status="PASS" start="2025-12-10T10:59:00.615357" elapsed="2.185847"/>
</kw>
<status status="PASS" start="2025-12-10T10:58:48.387335" elapsed="14.413970"/>
</suite>
<statistics>
<total>
<stat pass="1" fail="0" skip="0">All Tests</stat>
</total>
<tag>
</tag>
<suite>
<stat name="Login" id="s1" pass="1" fail="0" skip="0">Login</stat>
</suite>
</statistics>
<errors>
<msg time="2025-12-10T10:58:49.035276" level="WARN">The chromedriver version (142.0.7444.175) detected in PATH at C:\chromedriver\chromedriver.exe might not be compatible with the detected chrome version (143.0.7499.41); currently, chromedriver 143.0.7499.40 is recommended for chrome 143.*, so it is advised to delete the driver in PATH and retry</msg>
</errors>
</robot>
